# JRE version: Java(TM) SE Runtime Environment (8.0_221-b11) (build 1.8.0_221-b11)
# Java VM: Java HotSpot(TM) 64-Bit Server VM (25.221-b11 mixed mode windows-amd64 compressed oops)
Heap:
 PSYoungGen      total 372736K, used 21333K [0x0000000741700000, 0x0000000766280000, 0x00000007c0000000)
  eden space 361472K, 5% used [0x0000000741700000,0x0000000742bd57f0,0x0000000757800000)
  from space 11264K, 0% used [0x0000000758e00000,0x0000000758e00000,0x0000000759900000)
  to   space 22528K, 0% used [0x0000000757800000,0x0000000757800000,0x0000000758e00000)
 ParOldGen       total 185344K, used 35707K [0x0000000644400000, 0x000000064f900000, 0x0000000741700000)
  object space 185344K, 19% used [0x0000000644400000,0x00000006466dedf8,0x000000064f900000)
 Metaspace       used 56945K, capacity 60356K, committed 60712K, reserved 1101824K
  class space    used 7585K, capacity 8201K, committed 8240K, reserved 1048576K
GC Heap History (10 events):
Event: 4.709 GC heap before
{Heap before GC invocations=9 (full 2):
 PSYoungGen      total 205312K, used 10462K [0x0000000741700000, 0x0000000759c80000, 0x00000007c0000000)
  eden space 190464K, 0% used [0x0000000741700000,0x0000000741700000,0x000000074d100000)
  from space 14848K, 70% used [0x000000074d100000,0x000000074db37ad0,0x000000074df80000)
  to   space 14848K, 0% used [0x0000000758e00000,0x0000000758e00000,0x0000000759c80000)
 ParOldGen       total 168448K, used 9308K [0x0000000644400000, 0x000000064e880000, 0x0000000741700000)
  object space 168448K, 5% used [0x0000000644400000,0x0000000644d171b0,0x000000064e880000)
 Metaspace       used 33335K, capacity 35376K, committed 35496K, reserved 1079296K
  class space    used 4375K, capacity 4783K, committed 4784K, reserved 1048576K
Event: 4.742 GC heap after
Heap after GC invocations=9 (full 2):
 PSYoungGen      total 205312K, used 0K [0x0000000741700000, 0x0000000759c80000, 0x00000007c0000000)
  eden space 190464K, 0% used [0x0000000741700000,0x0000000741700000,0x000000074d100000)
  from space 14848K, 0% used [0x000000074d100000,0x000000074d100000,0x000000074df80000)
  to   space 14848K, 0% used [0x0000000758e00000,0x0000000758e00000,0x0000000759c80000)
 ParOldGen       total 185344K, used 16054K [0x0000000644400000, 0x000000064f900000, 0x0000000741700000)
  object space 185344K, 8% used [0x0000000644400000,0x00000006453adb50,0x000000064f900000)
 Metaspace       used 33335K, capacity 35376K, committed 35496K, reserved 1079296K
  class space    used 4375K, capacity 4783K, committed 4784K, reserved 1048576K
}
Event: 5.898 GC heap before
{Heap before GC invocations=10 (full 2):
 PSYoungGen      total 205312K, used 190464K [0x0000000741700000, 0x0000000759c80000, 0x00000007c0000000)
  eden space 190464K, 100% used [0x0000000741700000,0x000000074d100000,0x000000074d100000)
  from space 14848K, 0% used [0x000000074d100000,0x000000074d100000,0x000000074df80000)
  to   space 14848K, 0% used [0x0000000758e00000,0x0000000758e00000,0x0000000759c80000)
 ParOldGen       total 185344K, used 16054K [0x0000000644400000, 0x000000064f900000, 0x0000000741700000)
  object space 185344K, 8% used [0x0000000644400000,0x00000006453adb50,0x000000064f900000)
 Metaspace       used 39150K, capacity 41496K, committed 41640K, reserved 1085440K
  class space    used 5278K, capacity 5711K, committed 5808K, reserved 1048576K
Event: 5.905 GC heap after
Heap after GC invocations=10 (full 2):
 PSYoungGen      total 376832K, used 9892K [0x0000000741700000, 0x0000000759900000, 0x00000007c0000000)
  eden space 365568K, 0% used [0x0000000741700000,0x0000000741700000,0x0000000757c00000)
  from space 11264K, 87% used [0x0000000758e00000,0x00000007597a9158,0x0000000759900000)
  to   space 14848K, 0% used [0x0000000757c00000,0x0000000757c00000,0x0000000758a80000)
 ParOldGen       total 185344K, used 16062K [0x0000000644400000, 0x000000064f900000, 0x0000000741700000)
  object space 185344K, 8% used [0x0000000644400000,0x00000006453afb50,0x000000064f900000)
 Metaspace       used 39150K, capacity 41496K, committed 41640K, reserved 1085440K
  class space    used 5278K, capacity 5711K, committed 5808K, reserved 1048576K
}
Event: 8.553 GC heap before
{Heap before GC invocations=11 (full 2):
 PSYoungGen      total 376832K, used 375460K [0x0000000741700000, 0x0000000759900000, 0x00000007c0000000)
  eden space 365568K, 100% used [0x0000000741700000,0x0000000757c00000,0x0000000757c00000)
  from space 11264K, 87% used [0x0000000758e00000,0x00000007597a9158,0x0000000759900000)
  to   space 14848K, 0% used [0x0000000757c00000,0x0000000757c00000,0x0000000758a80000)
 ParOldGen       total 185344K, used 16062K [0x0000000644400000, 0x000000064f900000, 0x0000000741700000)
  object space 185344K, 8% used [0x0000000644400000,0x00000006453afb50,0x000000064f900000)
 Metaspace       used 48364K, capacity 51418K, committed 51624K, reserved 1093632K
  class space    used 6474K, capacity 7072K, committed 7088K, reserved 1048576K
Event: 8.572 GC heap after
Heap after GC invocations=11 (full 2):
 PSYoungGen      total 380416K, used 14844K [0x0000000741700000, 0x0000000759900000, 0x00000007c0000000)
  eden space 365568K, 0% used [0x0000000741700000,0x0000000741700000,0x0000000757c00000)
  from space 14848K, 99% used [0x0000000757c00000,0x0000000758a7f398,0x0000000758a80000)
  to   space 11264K, 0% used [0x0000000758e00000,0x0000000758e00000,0x0000000759900000)
 ParOldGen       total 185344K, used 20000K [0x0000000644400000, 0x000000064f900000, 0x0000000741700000)
  object space 185344K, 10% used [0x0000000644400000,0x00000006457883e8,0x000000064f900000)
 Metaspace       used 48364K, capacity 51418K, committed 51624K, reserved 1093632K
  class space    used 6474K, capacity 7072K, committed 7088K, reserved 1048576K
}
Event: 10.742 GC heap before
{Heap before GC invocations=12 (full 2):
 PSYoungGen      total 380416K, used 238858K [0x0000000741700000, 0x0000000759900000, 0x00000007c0000000)
  eden space 365568K, 61% used [0x0000000741700000,0x000000074f1c34e8,0x0000000757c00000)
  from space 14848K, 99% used [0x0000000757c00000,0x0000000758a7f398,0x0000000758a80000)
  to   space 11264K, 0% used [0x0000000758e00000,0x0000000758e00000,0x0000000759900000)
 ParOldGen       total 185344K, used 20000K [0x0000000644400000, 0x000000064f900000, 0x0000000741700000)
  object space 185344K, 10% used [0x0000000644400000,0x00000006457883e8,0x000000064f900000)
 Metaspace       used 55636K, capacity 59022K, committed 59160K, reserved 1099776K
  class space    used 7432K, capacity 8064K, committed 8112K, reserved 1048576K
Event: 10.753 GC heap after
Heap after GC invocations=12 (full 2):
 PSYoungGen      total 372736K, used 11241K [0x0000000741700000, 0x0000000766280000, 0x00000007c0000000)
  eden space 361472K, 0% used [0x0000000741700000,0x0000000741700000,0x0000000757800000)
  from space 11264K, 99% used [0x0000000758e00000,0x00000007598fa6e0,0x0000000759900000)
  to   space 22528K, 0% used [0x0000000757800000,0x0000000757800000,0x0000000758e00000)
 ParOldGen       total 185344K, used 32693K [0x0000000644400000, 0x000000064f900000, 0x0000000741700000)
  object space 185344K, 17% used [0x0000000644400000,0x00000006463ed7b0,0x000000064f900000)
 Metaspace       used 55636K, capacity 59022K, committed 59160K, reserved 1099776K
  class space    used 7432K, capacity 8064K, committed 8112K, reserved 1048576K
}
Event: 10.753 GC heap before
{Heap before GC invocations=13 (full 3):
 PSYoungGen      total 372736K, used 11241K [0x0000000741700000, 0x0000000766280000, 0x00000007c0000000)
  eden space 361472K, 0% used [0x0000000741700000,0x0000000741700000,0x0000000757800000)
  from space 11264K, 99% used [0x0000000758e00000,0x00000007598fa6e0,0x0000000759900000)
  to   space 22528K, 0% used [0x0000000757800000,0x0000000757800000,0x0000000758e00000)
 ParOldGen       total 185344K, used 32693K [0x0000000644400000, 0x000000064f900000, 0x0000000741700000)
  object space 185344K, 17% used [0x0000000644400000,0x00000006463ed7b0,0x000000064f900000)
 Metaspace       used 55636K, capacity 59022K, committed 59160K, reserved 1099776K
  class space    used 7432K, capacity 8064K, committed 8112K, reserved 1048576K
Event: 10.897 GC heap after
Heap after GC invocations=13 (full 3):
 PSYoungGen      total 372736K, used 0K [0x0000000741700000, 0x0000000766280000, 0x00000007c0000000)
  eden space 361472K, 0% used [0x0000000741700000,0x0000000741700000,0x0000000757800000)
  from space 11264K, 0% used [0x0000000758e00000,0x0000000758e00000,0x0000000759900000)
  to   space 22528K, 0% used [0x0000000757800000,0x0000000757800000,0x0000000758e00000)
 ParOldGen       total 185344K, used 35707K [0x0000000644400000, 0x000000064f900000, 0x0000000741700000)
  object space 185344K, 19% used [0x0000000644400000,0x00000006466dedf8,0x000000064f900000)
 Metaspace       used 55636K, capacity 59022K, committed 59160K, reserved 1099776K
  class space    used 7432K, capacity 8064K, committed 8112K, reserved 1048576K
}

